<?xml version="1.0" encoding="utf-8"?><testsuites><testsuite errors="0" failures="0" hostname="NITRO-5-1109" name="pytest" skipped="7" tests="19" time="0.094" timestamp="2022-04-03T00:11:57.306996"><testcase classname="test_combi" name="test_sqroot[64-8]" time="0.001" /><testcase classname="test_combi" name="test_sqroot[16-4]" time="0.001" /><testcase classname="test_combi" name="test_sqroot[25-5]" time="0.001" /><testcase classname="test_combi" name="test_sqroot1[64-8]" time="0.001"><skipped message="" type="pytest.xfail" /></testcase><testcase classname="test_combi" name="test_sqroot1[16-4]" time="0.001"><skipped message="" type="pytest.xfail" /></testcase><testcase classname="test_combi" name="test_sqroot1[25-5]" time="0.001"><skipped message="" type="pytest.xfail" /></testcase><testcase classname="test_combi" name="test_quar[1-5-6-d0]" time="0.001" /><testcase classname="test_combi" name="test_quar[5-6-4-d1]" time="0.001" /><testcase classname="test_combi" name="test_quar1[1-5-6-d0]" time="0.001"><skipped message="" type="pytest.xfail" /></testcase><testcase classname="test_combi" name="test_quar1[5-6-4-d1]" time="0.001"><skipped message="" type="pytest.xfail" /></testcase><testcase classname="test_combi" name="test_quar2[1-5-6-d0]" time="0.000"><skipped message="unconditional skip" type="pytest.skip">C:\Users\shobh\PycharmProjects\codingassessment2april\test_combi.py:33: unconditional skip</skipped></testcase><testcase classname="test_combi" name="test_quar2[5-6-4-d1]" time="0.000"><skipped message="unconditional skip" type="pytest.skip">C:\Users\shobh\PycharmProjects\codingassessment2april\test_combi.py:33: unconditional skip</skipped></testcase><testcase classname="test_combi" name="test_celfeh[37-98.60000000000001]" time="0.001" /><testcase classname="test_combi" name="test_celfeh[29-84.2]" time="0.001" /><testcase classname="test_combi" name="test_povneg[2-Positive number]" time="0.001" /><testcase classname="test_combi" name="test_povneg[-1-Negative number]" time="0.001" /><testcase classname="test_combi" name="test_povneg[0-zero number]" time="0.001" /><testcase classname="test_combi" name="test_sum[16-136]" time="0.001" /><testcase classname="test_combi" name="test_sum[12-78]" time="0.001" /></testsuite></testsuites>